<?xml version="1.0" encoding="UTF-8"?>
<!-- Generated by org.testng.reporters.JUnitXMLReporter -->
<testsuite hostname="Swapnil-PC" name="Default test" tests="4" failures="0" timestamp="6 Feb 2021 18:56:18 GMT" time="10.683" errors="0">
  <testcase name="Multiplication" time="0.537" classname="calulator.test.LoadTest01"/>
  <testcase name="Division" time="0.456" classname="calulator.test.LoadTest01"/>
  <testcase name="Addition" time="0.711" classname="calulator.test.LoadTest01"/>
  <testcase name="Subtraction" time="0.875" classname="calulator.test.LoadTest01"/>
</testsuite> <!-- Default test -->
